
> vibe-generated-app@1.0.0 dev
> vite


  VITE v5.4.20  ready in 262 ms

  ➜  Local:   http://localhost:3000/
  ➜  Network: http://172.20.12.146:3000/
5:53:16 AM [vite] Pre-transform error: Transform failed with 1 error:
/home/workspace/src/App.jsx:62:68: ERROR: Expected "}" but found "as"
5:53:16 AM [vite] Internal server error: Transform failed with 1 error:
/home/workspace/src/App.jsx:62:68: ERROR: Expected "}" but found "as"
  Plugin: vite:esbuild
  File: /home/workspace/src/App.jsx:62:68
  
  Expected "}" but found "as"
  60 |            background: color,
  61 |            boxShadow: `0 0 8px ${color}`,
  62 |            animation: `floatPulse 3s ease-in-out ${delay}s infinite` as any,
     |                                                                      ^
  63 |          }}
  64 |        />
  
      at failureErrorWithLog (/home/workspace/node_modules/esbuild/lib/main.js:1472:15)
      at /home/workspace/node_modules/esbuild/lib/main.js:755:50
      at responseCallbacks.<computed> (/home/workspace/node_modules/esbuild/lib/main.js:622:9)
      at handleIncomingPacket (/home/workspace/node_modules/esbuild/lib/main.js:677:12)
      at Socket.readFromStdout (/home/workspace/node_modules/esbuild/lib/main.js:600:7)
      at Socket.emit (node:events:508:28)
      at addChunk (node:internal/streams/readable:559:12)
      at readableAddChunkPushByteMode (node:internal/streams/readable:510:3)
      at Readable.push (node:internal/streams/readable:390:5)
      at Pipe.onStreamRead (node:internal/stream_base_commons:189:23)
